\BOOKMARK [1][-]{section.1}{Einleitung}{}% 1
\BOOKMARK [2][-]{subsection.1.1}{Projektbeschreibung}{section.1}% 2
\BOOKMARK [1][-]{section.2}{Eingesetzte Tools/Werkzeuge}{}% 3
\BOOKMARK [2][-]{subsection.2.1}{ROS Indigo}{section.2}% 4
\BOOKMARK [2][-]{subsection.2.2}{RViz}{section.2}% 5
\BOOKMARK [1][-]{section.3}{Eingesetzte Hardware}{}% 6
\BOOKMARK [2][-]{subsection.3.1}{NAO Roboter}{section.3}% 7
\BOOKMARK [2][-]{subsection.3.2}{Minigolf Ausr\374stung}{section.3}% 8
\BOOKMARK [3][-]{subsubsection.3.2.1}{Die Bahn}{subsection.3.2}% 9
\BOOKMARK [3][-]{subsubsection.3.2.2}{Der Schl\344ger}{subsection.3.2}% 10
\BOOKMARK [3][-]{subsubsection.3.2.3}{Der Ball}{subsection.3.2}% 11
\BOOKMARK [1][-]{section.4}{Ablauf}{}% 12
\BOOKMARK [1][-]{section.5}{Installation}{}% 13
\BOOKMARK [2][-]{subsection.5.1}{Installation von ROS}{section.5}% 14
\BOOKMARK [2][-]{subsection.5.2}{Erstellen von Workspace}{section.5}% 15
\BOOKMARK [2][-]{subsection.5.3}{Tutorial}{section.5}% 16
\BOOKMARK [2][-]{subsection.5.4}{Installation von RVIZ}{section.5}% 17
\BOOKMARK [2][-]{subsection.5.5}{Konfiguration von RVIZ f\374r den NAO}{section.5}% 18
\BOOKMARK [2][-]{subsection.5.6}{Einarbeitung in NAO-API}{section.5}% 19
\BOOKMARK [1][-]{section.6}{Programmierung}{}% 20
\BOOKMARK [2][-]{subsection.6.1}{Erste Schritte}{section.6}% 21
\BOOKMARK [2][-]{subsection.6.2}{Schlagbewegung}{section.6}% 22
\BOOKMARK [2][-]{subsection.6.3}{Ballerkennung}{section.6}% 23
\BOOKMARK [2][-]{subsection.6.4}{Zielerkennung}{section.6}% 24
\BOOKMARK [1][-]{appendix.A}{Anhang}{}% 25
\BOOKMARK [2][-]{subsection.A.1}{Minigolfbahn}{appendix.A}% 26
\BOOKMARK [2][-]{subsection.A.2}{Schl\344ger}{appendix.A}% 27
